mode: set
github.com/WolvenSpirit/reflect-orm/main.go:51.79,58.23 6 1
github.com/WolvenSpirit/reflect-orm/main.go:61.2,61.23 1 1
github.com/WolvenSpirit/reflect-orm/main.go:75.2,75.10 1 1
github.com/WolvenSpirit/reflect-orm/main.go:58.23,60.3 1 1
github.com/WolvenSpirit/reflect-orm/main.go:61.23,65.10 4 1
github.com/WolvenSpirit/reflect-orm/main.go:68.3,69.62 2 1
github.com/WolvenSpirit/reflect-orm/main.go:65.10,67.4 1 1
github.com/WolvenSpirit/reflect-orm/main.go:69.62,71.4 1 1
github.com/WolvenSpirit/reflect-orm/main.go:71.9,73.4 1 1
github.com/WolvenSpirit/reflect-orm/main.go:78.84,82.60 4 1
github.com/WolvenSpirit/reflect-orm/main.go:101.2,102.16 2 1
github.com/WolvenSpirit/reflect-orm/main.go:105.2,105.16 1 1
github.com/WolvenSpirit/reflect-orm/main.go:108.2,109.17 2 1
github.com/WolvenSpirit/reflect-orm/main.go:125.2,125.21 1 1
github.com/WolvenSpirit/reflect-orm/main.go:82.60,84.37 2 1
github.com/WolvenSpirit/reflect-orm/main.go:92.3,93.19 2 1
github.com/WolvenSpirit/reflect-orm/main.go:84.37,86.27 2 1
github.com/WolvenSpirit/reflect-orm/main.go:86.27,88.5 1 1
github.com/WolvenSpirit/reflect-orm/main.go:88.10,90.5 1 1
github.com/WolvenSpirit/reflect-orm/main.go:93.19,95.25 2 1
github.com/WolvenSpirit/reflect-orm/main.go:95.25,97.5 1 1
github.com/WolvenSpirit/reflect-orm/main.go:102.16,104.3 1 1
github.com/WolvenSpirit/reflect-orm/main.go:105.16,107.3 1 1
github.com/WolvenSpirit/reflect-orm/main.go:109.17,112.17 3 1
github.com/WolvenSpirit/reflect-orm/main.go:116.3,118.24 3 1
github.com/WolvenSpirit/reflect-orm/main.go:121.3,123.31 3 1
github.com/WolvenSpirit/reflect-orm/main.go:112.17,115.4 2 0
github.com/WolvenSpirit/reflect-orm/main.go:118.24,120.4 1 1
