mode: set
github.com/WolvenSpirit/reflect-orm/main.go:31.79,38.23 6 1
github.com/WolvenSpirit/reflect-orm/main.go:41.2,41.23 1 1
github.com/WolvenSpirit/reflect-orm/main.go:55.2,55.10 1 1
github.com/WolvenSpirit/reflect-orm/main.go:38.23,40.3 1 1
github.com/WolvenSpirit/reflect-orm/main.go:41.23,45.10 4 1
github.com/WolvenSpirit/reflect-orm/main.go:48.3,49.62 2 1
github.com/WolvenSpirit/reflect-orm/main.go:45.10,47.4 1 1
github.com/WolvenSpirit/reflect-orm/main.go:49.62,51.4 1 1
github.com/WolvenSpirit/reflect-orm/main.go:51.9,53.4 1 1
github.com/WolvenSpirit/reflect-orm/main.go:58.84,62.60 4 1
github.com/WolvenSpirit/reflect-orm/main.go:81.2,82.16 2 1
github.com/WolvenSpirit/reflect-orm/main.go:85.2,85.16 1 1
github.com/WolvenSpirit/reflect-orm/main.go:88.2,89.17 2 1
github.com/WolvenSpirit/reflect-orm/main.go:105.2,105.21 1 1
github.com/WolvenSpirit/reflect-orm/main.go:62.60,64.37 2 1
github.com/WolvenSpirit/reflect-orm/main.go:72.3,73.19 2 1
github.com/WolvenSpirit/reflect-orm/main.go:64.37,66.27 2 1
github.com/WolvenSpirit/reflect-orm/main.go:66.27,68.5 1 1
github.com/WolvenSpirit/reflect-orm/main.go:68.10,70.5 1 1
github.com/WolvenSpirit/reflect-orm/main.go:73.19,75.25 2 1
github.com/WolvenSpirit/reflect-orm/main.go:75.25,77.5 1 1
github.com/WolvenSpirit/reflect-orm/main.go:82.16,84.3 1 1
github.com/WolvenSpirit/reflect-orm/main.go:85.16,87.3 1 1
github.com/WolvenSpirit/reflect-orm/main.go:89.17,92.17 3 1
github.com/WolvenSpirit/reflect-orm/main.go:96.3,98.24 3 1
github.com/WolvenSpirit/reflect-orm/main.go:101.3,103.31 3 1
github.com/WolvenSpirit/reflect-orm/main.go:92.17,95.4 2 0
github.com/WolvenSpirit/reflect-orm/main.go:98.24,100.4 1 1
